Session data au début: Array
(
    [user] => Array
        (
            [id] => 4
            [nom] => fadili
            [email] => mouniadd@gmail.com
            [roleu] => etudiant
        )

    [user_id] => 7
)

Session data au début: Array
(
    [user] => Array
        (
            [id] => 4
            [nom] => fadili
            [email] => mouniadd@gmail.com
            [roleu] => etudiant
        )

    [user_id] => 7
)

Session data au début: Array
(
    [user] => Array
        (
            [id] => 4
            [nom] => fadili
            [email] => mouniadd@gmail.com
            [roleu] => etudiant
        )

    [user_id] => 7
)

Examens trouvés: Array
(
    [0] => Array
        (
            [id_ex] => 2
            [titre] => cc1 HTML&CSS
        )

    [1] => Array
        (
            [id_ex] => 3
            [titre] => cc2 HTML&CSS
        )

    [2] => Array
        (
            [id_ex] => 4
            [titre] => CC1 approche agile 
        )

    [3] => Array
        (
            [id_ex] => 5
            [titre] => CC2 approche agile 
        )

)

Session data à la fin: Array
(
    [user] => Array
        (
            [id] => 4
            [nom] => fadili
            [email] => mouniadd@gmail.com
            [roleu] => etudiant
        )

    [user_id] => 
)

Session data au début: Array
(
    [user] => Array
        (
            [id] => 4
            [nom] => fadili
            [email] => mouniadd@gmail.com
            [roleu] => etudiant
        )

    [user_id] => 
)

Examens trouvés: Array
(
    [0] => Array
        (
            [id_ex] => 2
            [titre] => cc1 HTML&CSS
        )

    [1] => Array
        (
            [id_ex] => 3
            [titre] => cc2 HTML&CSS
        )

    [2] => Array
        (
            [id_ex] => 4
            [titre] => CC1 approche agile 
        )

    [3] => Array
        (
            [id_ex] => 5
            [titre] => CC2 approche agile 
        )

)

Session data à la fin: Array
(
    [user] => Array
        (
            [id] => 4
            [nom] => fadili
            [email] => mouniadd@gmail.com
            [roleu] => etudiant
        )

    [user_id] => Array
        (
            [id] => 4
            [nom] => fadili
            [email] => mouniadd@gmail.com
            [roleu] => etudiant
        )

)

Session data au début: Array
(
    [user] => Array
        (
            [id] => 4
            [nom] => fadili
            [email] => mouniadd@gmail.com
            [roleu] => etudiant
        )

    [user_id] => Array
        (
            [id] => 4
            [nom] => fadili
            [email] => mouniadd@gmail.com
            [roleu] => etudiant
        )

)

Session data au début: Array
(
    [user] => Array
        (
            [id] => 4
            [nom] => fadili
            [email] => mouniadd@gmail.com
            [roleu] => etudiant
        )

    [user_id] => Array
        (
            [id] => 4
            [nom] => fadili
            [email] => mouniadd@gmail.com
            [roleu] => etudiant
        )

)

Session data au début: Array
(
    [user] => Array
        (
            [id] => 4
            [nom] => fadili
            [email] => mouniadd@gmail.com
            [roleu] => etudiant
        )

    [user_id] => Array
        (
            [id] => 4
            [nom] => fadili
            [email] => mouniadd@gmail.com
            [roleu] => etudiant
        )

)

Session data au début: Array
(
    [user] => Array
        (
            [id] => 4
            [nom] => fadili
            [email] => mouniadd@gmail.com
            [roleu] => etudiant
        )

    [user_id] => Array
        (
            [id] => 4
            [nom] => fadili
            [email] => mouniadd@gmail.com
            [roleu] => etudiant
        )

)

Session data au début: Array
(
    [user] => Array
        (
            [id] => 4
            [nom] => fadili
            [email] => mouniadd@gmail.com
            [roleu] => etudiant
        )

    [user_id] => Array
        (
            [id] => 4
            [nom] => fadili
            [email] => mouniadd@gmail.com
            [roleu] => etudiant
        )

)

Session data au début: Array
(
    [user] => Array
        (
            [id] => 4
            [nom] => fadili
            [email] => mouniadd@gmail.com
            [roleu] => etudiant
        )

    [user_id] => Array
        (
            [id] => 4
            [nom] => fadili
            [email] => mouniadd@gmail.com
            [roleu] => etudiant
        )

)

Session data au début: Array
(
    [user] => Array
        (
            [id] => 4
            [nom] => fadili
            [email] => mouniadd@gmail.com
            [roleu] => etudiant
        )

    [user_id] => Array
        (
            [id] => 4
            [nom] => fadili
            [email] => mouniadd@gmail.com
            [roleu] => etudiant
        )

)

Session data au début: Array
(
    [user] => Array
        (
            [id] => 4
            [nom] => fadili
            [email] => mouniadd@gmail.com
            [roleu] => etudiant
        )

    [user_id] => Array
        (
            [id] => 4
            [nom] => fadili
            [email] => mouniadd@gmail.com
            [roleu] => etudiant
        )

)

Session data au début: Array
(
    [user] => Array
        (
            [id] => 4
            [nom] => fadili
            [email] => mouniadd@gmail.com
            [roleu] => etudiant
        )

    [user_id] => Array
        (
            [id] => 4
            [nom] => fadili
            [email] => mouniadd@gmail.com
            [roleu] => etudiant
        )

)

Examens trouvés: Array
(
    [0] => Array
        (
            [id_ex] => 2
            [titre] => cc1 HTML&CSS
        )

    [1] => Array
        (
            [id_ex] => 3
            [titre] => cc2 HTML&CSS
        )

    [2] => Array
        (
            [id_ex] => 4
            [titre] => CC1 approche agile 
        )

    [3] => Array
        (
            [id_ex] => 5
            [titre] => CC2 approche agile 
        )

)

Session data à la fin: Array
(
    [user] => Array
        (
            [id] => 4
            [nom] => fadili
            [email] => mouniadd@gmail.com
            [roleu] => etudiant
        )

    [user_id] => Array
        (
            [id] => 4
            [nom] => fadili
            [email] => mouniadd@gmail.com
            [roleu] => etudiant
        )

)

2025-04-22 00:48:16 - Début du script
2025-04-22 00:48:16 - Connexion à la base de données réussie
2025-04-22 00:48:16 - Données du formulaire: Array
(
    [titre] => Créer un Examen Titre de l'examen :
    [module_id] => 1
    [heure_debut] => 2025-04-21T02:42
    [heure_fin] => 2025-04-21T03:42
    [duree] => 60
    [groupe_id] => 3
    [nom_variante] => Array
        (
            [0] => variante1 last_exam_elghazi 2
            [1] => variante2 last_exam_elghazi 2
        )

    [type_question] => Array
        (
            [0] => Array
                (
                    [0] => text
                )

            [1] => Array
                (
                    [0] => text
                )

        )

    [questions] => Array
        (
            [0] => Array
                (
                    [0] => variante1 last_exam_elghazi 2
                )

            [1] => Array
                (
                    [0] => variante2 last_exam_elghazi 2
                )

        )

    [note_max] => Array
        (
            [0] => Array
                (
                    [0] => 5
                )

            [1] => Array
                (
                    [0] => 5
                )

        )

)

2025-04-22 00:48:16 - Examen créé avec ID: 27
2025-04-22 00:48:16 - Nombre de variantes: 2
2025-04-22 00:48:16 - Traitement de la variante 0: variante1 last_exam_elghazi 2
2025-04-22 00:48:16 - Variante insérée avec ID: 37
2025-04-22 00:48:16 - Nombre de questions pour variante 0: 1
2025-04-22 00:48:16 - Question 0: variante1 last_exam_elghazi 2 (type: text, note_max: 5)
2025-04-22 00:48:16 - Question insérée avec ID: 73
2025-04-22 00:48:16 - Traitement de la variante 1: variante2 last_exam_elghazi 2
2025-04-22 00:48:16 - Variante insérée avec ID: 38
2025-04-22 00:48:16 - Nombre de questions pour variante 1: 1
2025-04-22 00:48:16 - Question 0: variante2 last_exam_elghazi 2 (type: text, note_max: 5)
2025-04-22 00:48:16 - Question insérée avec ID: 74
2025-04-22 00:48:16 - Nombre total de variantes: 2
2025-04-22 00:48:16 - Examen mis à jour avec le nombre de variantes
2025-04-22 00:48:16 - Nombre d'étudiants trouvés: 3
2025-04-22 00:48:16 - Attribution des variantes aux étudiants...
2025-04-22 00:48:16 - Attribution à étudiant ID 5 de la variante ID 37
2025-04-22 00:48:16 - Attribution à étudiant ID 6 de la variante ID 38
2025-04-22 00:48:16 - Attribution à étudiant ID 7 de la variante ID 37
2025-04-22 00:48:16 - Attribution des variantes terminée
2025-04-22 00:48:16 - Script terminé avec succès
2025-04-22 14:51:25 - Début du script
2025-04-22 14:51:25 - Connexion à la base de données réussie
2025-04-22 14:51:25 - Données du formulaire: {"titre":"MON EXAMEN 1","module_id":"1","heure_debut":"2025-04-22T14:49","heure_fin":"2025-04-22T16:49","duree":"120","groupe_id":"3","nombre_variantes":"2","nom_variante":["VARIANTE 1 MON EXAMEN 1","VARIANTE 2 MON EXAMEN 1"],"type_question":[["text"],["text"]],"questions":[["VARIANTE 1 MON EXAMEN 1"],["VARIANTE 2 MON EXAMEN 1"]],"note_max":[["5"],["5"]]}
2025-04-22 14:51:25 - Examen créé avec ID: 28
2025-04-22 14:51:25 - Traitement de la variante 0: VARIANTE 1 MON EXAMEN 1
2025-04-22 14:51:26 - Variante insérée avec ID: 39
2025-04-22 14:51:26 - Nombre de questions pour variante 0: 1
2025-04-22 14:51:26 - Question 0: VARIANTE 1 MON EXAMEN 1 (type: text, note_max: 5)
2025-04-22 14:51:26 - Question insérée avec ID: 75
2025-04-22 14:51:26 - Traitement de la variante 1: VARIANTE 2 MON EXAMEN 1
2025-04-22 14:51:26 - Variante insérée avec ID: 40
2025-04-22 14:51:26 - Nombre de questions pour variante 1: 1
2025-04-22 14:51:26 - Question 0: VARIANTE 2 MON EXAMEN 1 (type: text, note_max: 5)
2025-04-22 14:51:26 - Question insérée avec ID: 76
2025-04-22 14:51:26 - Nombre d'étudiants trouvés: 3
2025-04-22 14:51:26 - Attribution des variantes aux étudiants...
2025-04-22 14:51:26 - Attribution à étudiant ID 5 de la variante ID 39
2025-04-22 14:51:26 - Attribution à étudiant ID 6 de la variante ID 40
2025-04-22 14:51:26 - Attribution à étudiant ID 7 de la variante ID 39
2025-04-22 14:51:26 - Attribution des variantes terminée
2025-04-22 14:51:26 - Script terminé avec succès
2025-04-22 16:10:39 - Début du script
2025-04-22 16:10:39 - Connexion à la base de données réussie
2025-04-22 16:10:39 - Données du formulaire: {"titre":"examen_test_var elghazi","module_id":"1","heure_debut":"2025-04-22T16:09","heure_fin":"2025-04-22T17:09","duree":"60","groupe_id":"3","nombre_variantes":"2","nom_variante":["VARIANTE 1 examen_test_var elghazi","VARIANTE 2 examen_test_var elghazi"],"type_question":[["text"],["text"]],"questions":[["q VARIANTE 1 examen_test_var elghazi"],["q VARIANTE 2 examen_test_var elghazi"]],"note_max":[["5"],["5"]]}
2025-04-22 16:10:39 - Examen créé avec ID: 30
2025-04-22 16:10:39 - Traitement de la variante 0: VARIANTE 1 examen_test_var elghazi
2025-04-22 16:10:39 - Variante insérée avec ID: 42
2025-04-22 16:10:39 - Nombre de questions pour variante 0: 1
2025-04-22 16:10:39 - Question 0: q VARIANTE 1 examen_test_var elghazi (type: text, note_max: 5)
2025-04-22 16:10:39 - Question insérée avec ID: 79
2025-04-22 16:10:39 - Traitement de la variante 1: VARIANTE 2 examen_test_var elghazi
2025-04-22 16:10:39 - Variante insérée avec ID: 43
2025-04-22 16:10:39 - Nombre de questions pour variante 1: 1
2025-04-22 16:10:39 - Question 0: q VARIANTE 2 examen_test_var elghazi (type: text, note_max: 5)
2025-04-22 16:10:39 - Question insérée avec ID: 80
2025-04-22 16:10:39 - Nombre d'étudiants trouvés: 3
2025-04-22 16:10:39 - Attribution des variantes aux étudiants...
2025-04-22 16:10:39 - Attribution à étudiant ID 5 de la variante ID 42
2025-04-22 16:10:39 - Attribution à étudiant ID 6 de la variante ID 43
2025-04-22 16:10:39 - Attribution à étudiant ID 7 de la variante ID 42
2025-04-22 16:10:39 - Attribution des variantes terminée
2025-04-22 16:10:39 - Script terminé avec succès
2025-04-23 22:31:40 - Début du script
2025-04-23 22:31:40 - Connexion à la base de données réussie
2025-04-23 22:31:40 - Données du formulaire: {"titre":"last_exam_elghazi 2","module_id":"2","heure_debut":"2025-04-23T02:25","heure_fin":"2025-04-23T03:25","duree":"60","groupe_id":"1","nombre_variantes":"2","nom_variante":["VARIANTE 1 last_exam_elghazi 2","VARIANTE 2 last_exam_elghazi 2"],"type_question":[["text","qcm","true_false"],["text","true_false","qcm"]],"questions":[["question 1 VARIANTE 1 last_exam_elghazi 2","QCM VARIANTE 1 last_exam_elghazi 2","Vrai&Faux VARIANTE 1 last_exam_elghazi 2 (Faux)"],["question 1 VARIANTE 2 last_exam_elghazi 2","Vrai&Faux VARIANTE 2 last_exam_elghazi 2 (vrai)","QCM VARIANTE 2 last_exam_elghazi 2"]],"note_max":[["5","5","5"],["6","7","5"]],"options":[{"1":["option 1 Correct","option 2","option 3"]},{"2":["option 1","option 2  (correct)"]}],"correct":[{"1":["1"],"2":"Faux"},{"1":"Vrai","2":{"1":"1"}}]}
2025-04-23 22:31:40 - Examen créé avec ID: 31
2025-04-23 22:31:40 - Traitement de la variante 0: VARIANTE 1 last_exam_elghazi 2
2025-04-23 22:31:40 - Variante insérée avec ID: 44
2025-04-23 22:31:40 - Nombre de questions pour variante 0: 3
2025-04-23 22:31:40 - Question 0: question 1 VARIANTE 1 last_exam_elghazi 2 (type: text, note_max: 5)
2025-04-23 22:31:40 - Question insérée avec ID: 81
2025-04-23 22:31:40 - Question 1: QCM VARIANTE 1 last_exam_elghazi 2 (type: qcm, note_max: 5)
2025-04-23 22:31:40 - Question insérée avec ID: 82
2025-04-23 22:31:40 - Traitement des options QCM: 3
2025-04-23 22:31:40 - Option 0: option 1 Correct (correct: 1)
2025-04-23 22:31:40 - Option insérée avec ID: 28
2025-04-23 22:31:40 - Option 1: option 2 (correct: 0)
2025-04-23 22:31:40 - Option insérée avec ID: 29
2025-04-23 22:31:40 - Option 2: option 3 (correct: 0)
2025-04-23 22:31:40 - Option insérée avec ID: 30
2025-04-23 22:31:40 - Question 2: Vrai&Faux VARIANTE 1 last_exam_elghazi 2 (Faux) (type: true_false, note_max: 5)
2025-04-23 22:31:40 - Question insérée avec ID: 83
2025-04-23 22:31:40 - Traitement des options Vrai/Faux
2025-04-23 22:31:40 - Réponse correcte: Faux
2025-04-23 22:31:40 - Option 'Vrai' insérée (correct: 0)
2025-04-23 22:31:40 - Option 'Faux' insérée (correct: 1)
2025-04-23 22:31:40 - Traitement de la variante 1: VARIANTE 2 last_exam_elghazi 2
2025-04-23 22:31:40 - Variante insérée avec ID: 45
2025-04-23 22:31:40 - Nombre de questions pour variante 1: 3
2025-04-23 22:31:40 - Question 0: question 1 VARIANTE 2 last_exam_elghazi 2 (type: text, note_max: 6)
2025-04-23 22:31:41 - Question insérée avec ID: 84
2025-04-23 22:31:41 - Question 1: Vrai&Faux VARIANTE 2 last_exam_elghazi 2 (vrai) (type: true_false, note_max: 7)
2025-04-23 22:31:41 - Question insérée avec ID: 85
2025-04-23 22:31:41 - Traitement des options Vrai/Faux
2025-04-23 22:31:41 - Réponse correcte: Vrai
2025-04-23 22:31:41 - Option 'Vrai' insérée (correct: 1)
2025-04-23 22:31:41 - Option 'Faux' insérée (correct: 0)
2025-04-23 22:31:41 - Question 2: QCM VARIANTE 2 last_exam_elghazi 2 (type: qcm, note_max: 5)
2025-04-23 22:31:41 - Question insérée avec ID: 86
2025-04-23 22:31:41 - Traitement des options QCM: 2
2025-04-23 22:31:41 - Option 0: option 1 (correct: 0)
2025-04-23 22:31:41 - Option insérée avec ID: 35
2025-04-23 22:31:41 - Option 1: option 2  (correct) (correct: 1)
2025-04-23 22:31:41 - Option insérée avec ID: 36
2025-04-23 22:31:41 - Nombre d'étudiants trouvés: 3
2025-04-23 22:31:41 - Attribution des variantes aux étudiants...
2025-04-23 22:31:41 - Attribution à étudiant ID 3 de la variante ID 44
2025-04-23 22:31:41 - Attribution à étudiant ID 4 de la variante ID 45
2025-04-23 22:31:41 - Attribution à étudiant ID 20 de la variante ID 44
2025-04-23 22:31:41 - Attribution des variantes terminée
2025-04-23 22:31:41 - Script terminé avec succès
2025-04-23 23:14:46 - Début du script
2025-04-23 23:14:46 - Connexion à la base de données réussie
2025-04-23 23:14:46 - Données du formulaire: {"titre":"last_exam_elhyanni 2","module_id":"1","heure_debut":"2025-04-23T00:12","heure_fin":"2025-04-23T04:12","duree":"240","groupe_id":"1","nombre_variantes":"1","nom_variante":["VARIANTE 1 MON EXAMEN 1"],"type_question":[["text","qcm","true_false"]],"questions":[["q VARIANTE 1 examen_test_var elghazi","QCM VARIANTE 1 examen_test_var elghazi","Vrai&Faux VARIANTE 1 examen_test_var elghazi (Faux)"]],"note_max":[["4","6","7"]],"options":[{"1":["option 1 Correct","option 2","option 3"]}],"correct":[{"1":["1"],"2":"Faux"}]}
2025-04-23 23:14:46 - Examen créé avec ID: 32
2025-04-23 23:14:46 - Traitement de la variante 0: VARIANTE 1 MON EXAMEN 1
2025-04-23 23:14:46 - Variante insérée avec ID: 46
2025-04-23 23:14:46 - Nombre de questions pour variante 0: 3
2025-04-23 23:14:46 - Question 0: q VARIANTE 1 examen_test_var elghazi (type: text, note_max: 4)
2025-04-23 23:14:46 - Question insérée avec ID: 87
2025-04-23 23:14:46 - Question 1: QCM VARIANTE 1 examen_test_var elghazi (type: qcm, note_max: 6)
2025-04-23 23:14:46 - Question insérée avec ID: 88
2025-04-23 23:14:46 - Traitement des options QCM: 3
2025-04-23 23:14:46 - Option 0: option 1 Correct (correct: 1)
2025-04-23 23:14:46 - Option insérée avec ID: 37
2025-04-23 23:14:46 - Option 1: option 2 (correct: 0)
2025-04-23 23:14:46 - Option insérée avec ID: 38
2025-04-23 23:14:46 - Option 2: option 3 (correct: 0)
2025-04-23 23:14:46 - Option insérée avec ID: 39
2025-04-23 23:14:46 - Question 2: Vrai&Faux VARIANTE 1 examen_test_var elghazi (Faux) (type: true_false, note_max: 7)
2025-04-23 23:14:46 - Question insérée avec ID: 89
2025-04-23 23:14:46 - Traitement des options Vrai/Faux
2025-04-23 23:14:46 - Réponse correcte: Faux
2025-04-23 23:14:46 - Option 'Vrai' insérée (correct: 0)
2025-04-23 23:14:46 - Option 'Faux' insérée (correct: 1)
2025-04-23 23:14:46 - Nombre d'étudiants trouvés: 3
2025-04-23 23:14:46 - Attribution des variantes aux étudiants...
2025-04-23 23:14:46 - Attribution à étudiant ID 3 de la variante ID 46
2025-04-23 23:14:46 - Attribution à étudiant ID 4 de la variante ID 46
2025-04-23 23:14:46 - Attribution à étudiant ID 20 de la variante ID 46
2025-04-23 23:14:46 - Attribution des variantes terminée
2025-04-23 23:14:46 - Script terminé avec succès
2025-04-23 23:35:00 - ERREUR: SQLSTATE[42S02]: Base table or view not found: 1146 Table 'examens_db.examens' doesn't exist
2025-04-24 00:03:29 - Début du script
2025-04-24 00:03:29 - Connexion à la base de données réussie
2025-04-24 00:03:29 - Données du formulaire: {"titre":"last_exam_elhyanni 2","module_id":"1","heure_debut":"2025-04-23T00:02","heure_fin":"2025-04-23T00:37","duree":"35","groupe_id":"1","nombre_variantes":"1","nom_variante":["VARIANTE 1 MON EXAMEN 1"],"type_question":[["qcm","true_false"]],"questions":[["question 1 VARIANTE 1 last_exam_elghazi 2","vrai"]],"options":[[["option correct","option"]]],"correct":[[["1"],"Vrai"]],"note_max":[["4","5"]]}
2025-04-24 00:03:29 - Examen créé avec ID: 33
2025-04-24 00:03:29 - Traitement de la variante 0: VARIANTE 1 MON EXAMEN 1
2025-04-24 00:03:29 - Variante insérée avec ID: 47
2025-04-24 00:03:29 - Nombre de questions pour variante 0: 2
2025-04-24 00:03:29 - Question 0: question 1 VARIANTE 1 last_exam_elghazi 2 (type: qcm, note_max: 4)
2025-04-24 00:03:29 - Question insérée avec ID: 90
2025-04-24 00:03:29 - Traitement des options QCM pour question 90, nombre: 2
2025-04-24 00:03:29 - Options correctes reçues: ["1"]
2025-04-24 00:03:29 - Option 0 (option correct): correcte = 0
2025-04-24 00:03:29 - Option insérée avec ID: 42
2025-04-24 00:03:29 - Option 1 (option): correcte = 1
2025-04-24 00:03:29 - Option insérée avec ID: 43
2025-04-24 00:03:30 - Question 1: vrai (type: true_false, note_max: 5)
2025-04-24 00:03:30 - Question insérée avec ID: 91
2025-04-24 00:03:30 - Traitement des options Vrai/Faux pour question 91
2025-04-24 00:03:30 - Réponse correcte pour Vrai/Faux: V
2025-04-24 00:03:30 - Option 'Vrai' insérée avec correct = 0
2025-04-24 00:03:30 - Option 'Faux' insérée avec correct = 0
2025-04-24 00:03:30 - Nombre d'étudiants trouvés: 3
2025-04-24 00:03:30 - Attribution des variantes aux étudiants...
2025-04-24 00:03:30 - Attribution à étudiant ID 3 de la variante ID 47
2025-04-24 00:03:30 - Attribution à étudiant ID 4 de la variante ID 47
2025-04-24 00:03:30 - Attribution à étudiant ID 20 de la variante ID 47
2025-04-24 00:03:30 - Attribution des variantes terminée
2025-04-24 00:03:30 - Script terminé avec succès
2025-04-24 00:07:37 - Début du script
2025-04-24 00:07:37 - Connexion à la base de données réussie
2025-04-24 00:07:37 - Données du formulaire: {"titre":"last_exam_elhyanni 2","module_id":"1","heure_debut":"2025-04-23T00:02","heure_fin":"2025-04-23T00:37","duree":"35","groupe_id":"1","nombre_variantes":"1","nom_variante":["VARIANTE 1 MON EXAMEN 1"],"type_question":[["true_false"]],"questions":[["faux zzzz"]],"correct":[["Faux"]],"note_max":[["6"]]}
2025-04-24 00:07:37 - Examen créé avec ID: 34
2025-04-24 00:07:37 - Traitement de la variante 0: VARIANTE 1 MON EXAMEN 1
2025-04-24 00:07:37 - Variante insérée avec ID: 48
2025-04-24 00:07:37 - Nombre de questions pour variante 0: 1
2025-04-24 00:07:37 - Question 0: faux zzzz (type: true_false, note_max: 6)
2025-04-24 00:07:37 - Question insérée avec ID: 92
2025-04-24 00:07:37 - Traitement des options Vrai/Faux
2025-04-24 00:07:37 - Réponse correcte: Faux
2025-04-24 00:07:37 - Option 'Vrai' insérée (correct: 0)
2025-04-24 00:07:37 - Option 'Faux' insérée (correct: 1)
2025-04-24 00:07:37 - Nombre d'étudiants trouvés: 3
2025-04-24 00:07:37 - Attribution des variantes aux étudiants...
2025-04-24 00:07:37 - Attribution à étudiant ID 3 de la variante ID 48
2025-04-24 00:07:37 - Attribution à étudiant ID 4 de la variante ID 48
2025-04-24 00:07:37 - Attribution à étudiant ID 20 de la variante ID 48
2025-04-24 00:07:37 - Attribution des variantes terminée
2025-04-24 00:07:37 - Script terminé avec succès
2025-04-24 00:52:15 - Début du script
2025-04-24 00:52:15 - Connexion à la base de données réussie
2025-04-24 00:52:15 - Données du formulaire: {"titre":"examen_test_var","module_id":"2","heure_debut":"2025-04-23T00:51","heure_fin":"2025-04-23T01:51","duree":"60","groupe_id":"1","nombre_variantes":"1","nom_variante":["VARIANTE 1 MON EXAMEN 1"],"type_question":[["text","qcm","true_false"]],"questions":[["variante1 last_exam_elghazi 1","QCM VARIANTE 1 last_exam_elghazi 2","FAUX"]],"note_max":[["12","5","5"]],"options":[{"1":["option 1 Correct","option 2"]}],"correct":[{"1":["1"],"2":"Faux"}]}
2025-04-24 00:52:15 - Examen créé avec ID: 35
2025-04-24 00:52:15 - Traitement de la variante 0: VARIANTE 1 MON EXAMEN 1
2025-04-24 00:52:15 - Variante insérée avec ID: 49
2025-04-24 00:52:15 - Nombre de questions pour variante 0: 3
2025-04-24 00:52:15 - Question 0: variante1 last_exam_elghazi 1 (type: text, note_max: 12)
2025-04-24 00:52:15 - Question insérée avec ID: 93
2025-04-24 00:52:15 - Question 1: QCM VARIANTE 1 last_exam_elghazi 2 (type: qcm, note_max: 5)
2025-04-24 00:52:15 - Question insérée avec ID: 94
2025-04-24 00:52:15 - Traitement des options QCM: 2
2025-04-24 00:52:15 - Option 0: option 1 Correct (correct: 1)
2025-04-24 00:52:15 - Option insérée avec ID: 48
2025-04-24 00:52:15 - Option 1: option 2 (correct: 0)
2025-04-24 00:52:15 - Option insérée avec ID: 49
2025-04-24 00:52:15 - Question 2: FAUX (type: true_false, note_max: 5)
2025-04-24 00:52:15 - Question insérée avec ID: 95
2025-04-24 00:52:15 - Traitement des options Vrai/Faux
2025-04-24 00:52:15 - Réponse correcte: Faux
2025-04-24 00:52:15 - Option 'Vrai' insérée (correct: 0)
2025-04-24 00:52:15 - Option 'Faux' insérée (correct: 1)
2025-04-24 00:52:15 - Nombre d'étudiants trouvés: 3
2025-04-24 00:52:15 - Attribution des variantes aux étudiants...
2025-04-24 00:52:15 - Attribution à étudiant ID 3 de la variante ID 49
2025-04-24 00:52:15 - Attribution à étudiant ID 4 de la variante ID 49
2025-04-24 00:52:15 - Attribution à étudiant ID 20 de la variante ID 49
2025-04-24 00:52:15 - Attribution des variantes terminée
2025-04-24 00:52:15 - Script terminé avec succès
2025-04-24 02:42:52 - Début du script
2025-04-24 02:42:52 - Connexion à la base de données réussie
2025-04-24 02:42:52 - Données du formulaire: {"titre":"last_exam_elghazi 1","module_id":"1","heure_debut":"2025-04-24T02:41","heure_fin":"2025-04-24T03:41","duree":"60","groupe_id":"3","nombre_variantes":"1","nom_variante":["VARIANTE 1 MON EXAMEN 1"],"type_question":[["qcm","text","true_false"]],"questions":[["q VARIANTE 1 examen_test_var elghazi","variante1 last_exam_elghazi 1","FAUX"]],"options":[[["option correct","option"]]],"correct":[{"0":["1"],"2":"Faux"}],"note_max":[["10","8","10"]]}
2025-04-24 02:42:52 - Examen créé avec ID: 36
2025-04-24 02:42:52 - Traitement de la variante 0: VARIANTE 1 MON EXAMEN 1
2025-04-24 02:42:52 - Variante insérée avec ID: 50
2025-04-24 02:42:52 - Nombre de questions pour variante 0: 3
2025-04-24 02:42:52 - Question 0: q VARIANTE 1 examen_test_var elghazi (type: qcm, note_max: 10)
2025-04-24 02:42:52 - Question insérée avec ID: 96
2025-04-24 02:42:52 - Traitement des options QCM: 2
2025-04-24 02:42:52 - Option 0: option correct (correct: 1)
2025-04-24 02:42:52 - Option insérée avec ID: 52
2025-04-24 02:42:52 - Option 1: option (correct: 0)
2025-04-24 02:42:52 - Option insérée avec ID: 53
2025-04-24 02:42:52 - Question 1: variante1 last_exam_elghazi 1 (type: text, note_max: 8)
2025-04-24 02:42:52 - Question insérée avec ID: 97
2025-04-24 02:42:52 - Question 2: FAUX (type: true_false, note_max: 10)
2025-04-24 02:42:52 - Question insérée avec ID: 98
2025-04-24 02:42:52 - Traitement des options Vrai/Faux
2025-04-24 02:42:52 - Réponse correcte: Faux
2025-04-24 02:42:52 - Option 'Vrai' insérée (correct: 0)
2025-04-24 02:42:52 - Option 'Faux' insérée (correct: 1)
2025-04-24 02:42:52 - Nombre d'étudiants trouvés: 3
2025-04-24 02:42:52 - Attribution des variantes aux étudiants...
2025-04-24 02:42:52 - Attribution à étudiant ID 5 de la variante ID 50
2025-04-24 02:42:52 - Attribution à étudiant ID 6 de la variante ID 50
2025-04-24 02:42:52 - Attribution à étudiant ID 7 de la variante ID 50
2025-04-24 02:42:52 - Attribution des variantes terminée
2025-04-24 02:42:52 - Script terminé avec succès
2025-04-24 02:48:16 - Début du script
2025-04-24 02:48:16 - Connexion à la base de données réussie
2025-04-24 02:48:16 - Données du formulaire: {"titre":"last_exam_elhyanni 2","module_id":"1","heure_debut":"2025-04-24T02:47","heure_fin":"2025-04-24T03:47","duree":"60","groupe_id":"1","nombre_variantes":"1","nom_variante":["VARIANTE 1 MON EXAMEN 1"],"type_question":[["true_false","qcm","text"]],"questions":[["faux zzzz","QCM VARIANTE 1 ","FAUXBBBBBBBB"]],"correct":[["Faux",{"1":"1"}]],"note_max":[["12","12","12"]],"options":[{"1":["option 1 ","option 2 C"]}]}
2025-04-24 02:48:16 - Examen créé avec ID: 37
2025-04-24 02:48:16 - Traitement de la variante 0: VARIANTE 1 MON EXAMEN 1
2025-04-24 02:48:16 - Variante insérée avec ID: 51
2025-04-24 02:48:16 - Nombre de questions pour variante 0: 3
2025-04-24 02:48:16 - Question 0: faux zzzz (type: true_false, note_max: 12)
2025-04-24 02:48:16 - Question insérée avec ID: 99
2025-04-24 02:48:16 - Traitement des options Vrai/Faux
2025-04-24 02:48:16 - Réponse correcte: Faux
2025-04-24 02:48:16 - Option 'Vrai' insérée (correct: 0)
2025-04-24 02:48:16 - Option 'Faux' insérée (correct: 1)
2025-04-24 02:48:16 - Question 1: QCM VARIANTE 1  (type: qcm, note_max: 12)
2025-04-24 02:48:16 - Question insérée avec ID: 100
2025-04-24 02:48:16 - Traitement des options QCM: 2
2025-04-24 02:48:16 - Option 0: option 1  (correct: 0)
2025-04-24 02:48:16 - Option insérée avec ID: 58
2025-04-24 02:48:16 - Option 1: option 2 C (correct: 1)
2025-04-24 02:48:16 - Option insérée avec ID: 59
2025-04-24 02:48:16 - Question 2: FAUXBBBBBBBB (type: text, note_max: 12)
2025-04-24 02:48:16 - Question insérée avec ID: 101
2025-04-24 02:48:16 - Nombre d'étudiants trouvés: 3
2025-04-24 02:48:16 - Attribution des variantes aux étudiants...
2025-04-24 02:48:16 - Attribution à étudiant ID 3 de la variante ID 51
2025-04-24 02:48:16 - Attribution à étudiant ID 4 de la variante ID 51
2025-04-24 02:48:16 - Attribution à étudiant ID 20 de la variante ID 51
2025-04-24 02:48:16 - Attribution des variantes terminée
2025-04-24 02:48:16 - Script terminé avec succès
2025-04-24 14:42:13 - Début du script
2025-04-24 14:42:13 - Connexion à la base de données réussie
2025-04-24 14:42:13 - Données du formulaire: {"titre":"last_exam_elhyanni 2","module_id":"4","heure_debut":"2025-04-24T15:40","heure_fin":"2025-04-24T16:40","duree":"60","groupe_id":"17","nombre_variantes":"1","nom_variante":["VARIANTE 1 MON EXAMEN 1"],"type_question":[["text","qcm","true_false"]],"questions":[["VARIANTE 1 MON EXAMEN 1","QCM VARIANTE 1 VARIANTE 1 MON EXAMEN 1","Vrai&Faux VARIANTE 1 VARIANTE 1 MON EXAMEN 1  (VRAI)"]],"note_max":[["5","16","12"]],"options":[{"1":["option 1 Correct","option 2"]}],"correct":[{"1":["1"],"2":"Vrai"}]}
2025-04-24 14:42:13 - Examen créé avec ID: 38
2025-04-24 14:42:13 - Traitement de la variante 0: VARIANTE 1 MON EXAMEN 1
2025-04-24 14:42:13 - Variante insérée avec ID: 52
2025-04-24 14:42:13 - Nombre de questions pour variante 0: 3
2025-04-24 14:42:13 - Question 0: VARIANTE 1 MON EXAMEN 1 (type: text, note_max: 5)
2025-04-24 14:42:13 - Question insérée avec ID: 102
2025-04-24 14:42:13 - Question 1: QCM VARIANTE 1 VARIANTE 1 MON EXAMEN 1 (type: qcm, note_max: 16)
2025-04-24 14:42:13 - Question insérée avec ID: 103
2025-04-24 14:42:13 - Traitement des options QCM: 2
2025-04-24 14:42:13 - Option 0: option 1 Correct (correct: 1)
2025-04-24 14:42:13 - Option insérée avec ID: 60
2025-04-24 14:42:13 - Option 1: option 2 (correct: 0)
2025-04-24 14:42:13 - Option insérée avec ID: 61
2025-04-24 14:42:13 - Question 2: Vrai&Faux VARIANTE 1 VARIANTE 1 MON EXAMEN 1  (VRAI) (type: true_false, note_max: 12)
2025-04-24 14:42:13 - Question insérée avec ID: 104
2025-04-24 14:42:13 - Traitement des options Vrai/Faux
2025-04-24 14:42:13 - Réponse correcte: Vrai
2025-04-24 14:42:13 - Option 'Vrai' insérée (correct: 1)
2025-04-24 14:42:13 - Option 'Faux' insérée (correct: 0)
2025-04-24 14:42:13 - Nombre d'étudiants trouvés: 2
2025-04-24 14:42:13 - Attribution des variantes aux étudiants...
2025-04-24 14:42:13 - Attribution à étudiant ID 2 de la variante ID 52
2025-04-24 14:42:13 - Attribution à étudiant ID 21 de la variante ID 52
2025-04-24 14:42:13 - Attribution des variantes terminée
2025-04-24 14:42:13 - Script terminé avec succès
2025-04-24 16:18:25 - Début du script
2025-04-24 16:18:25 - Connexion à la base de données réussie
2025-04-24 16:18:25 - Données du formulaire: {"titre":"last_exam_elghazi 1","module_id":"2","heure_debut":"2025-04-24T17:15","heure_fin":"2025-04-24T18:16","duree":"61","groupe_id":"3","nombre_variantes":"2","nom_variante":["VARIANTE 1 MON EXAMEN 1","VARIANTE 2 MON EXAMEN 1"],"type_question":[["text","qcm","true_false"],["text","qcm"]],"questions":[["q VARIANTE 1 examen_test_var elghazi","QCM VARIANTE 1 ","Vrai&Faux VARIANTE 1 last_exam_elghazi 2 (Faux)"],["q VARIANTE 2 examen_test_var elghazi","QCM VARIANTE 2 examen_test_var elghazi"]],"note_max":[["5","5","5"],["6","5"]],"options":[{"1":["option 1 Correct","option 2"]},{"1":["OPTION 1","OPTION 2 CORRECT"]}],"correct":[{"1":["1"],"2":"Faux"},{"1":{"1":"1"}}]}
2025-04-24 16:18:25 - Examen créé avec ID: 39
2025-04-24 16:18:25 - Traitement de la variante 0: VARIANTE 1 MON EXAMEN 1
2025-04-24 16:18:25 - Variante insérée avec ID: 53
2025-04-24 16:18:25 - Nombre de questions pour variante 0: 3
2025-04-24 16:18:25 - Question 0: q VARIANTE 1 examen_test_var elghazi (type: text, note_max: 5)
2025-04-24 16:18:25 - Question insérée avec ID: 105
2025-04-24 16:18:25 - Question 1: QCM VARIANTE 1  (type: qcm, note_max: 5)
2025-04-24 16:18:25 - Question insérée avec ID: 106
2025-04-24 16:18:25 - Traitement des options QCM: 2
2025-04-24 16:18:25 - Option 0: option 1 Correct (correct: 1)
2025-04-24 16:18:25 - Option insérée avec ID: 64
2025-04-24 16:18:25 - Option 1: option 2 (correct: 0)
2025-04-24 16:18:25 - Option insérée avec ID: 65
2025-04-24 16:18:25 - Question 2: Vrai&Faux VARIANTE 1 last_exam_elghazi 2 (Faux) (type: true_false, note_max: 5)
2025-04-24 16:18:25 - Question insérée avec ID: 107
2025-04-24 16:18:25 - Traitement des options Vrai/Faux
2025-04-24 16:18:25 - Réponse correcte: Faux
2025-04-24 16:18:25 - Option 'Vrai' insérée (correct: 0)
2025-04-24 16:18:25 - Option 'Faux' insérée (correct: 1)
2025-04-24 16:18:25 - Traitement de la variante 1: VARIANTE 2 MON EXAMEN 1
2025-04-24 16:18:25 - Variante insérée avec ID: 54
2025-04-24 16:18:25 - Nombre de questions pour variante 1: 2
2025-04-24 16:18:25 - Question 0: q VARIANTE 2 examen_test_var elghazi (type: text, note_max: 6)
2025-04-24 16:18:25 - Question insérée avec ID: 108
2025-04-24 16:18:25 - Question 1: QCM VARIANTE 2 examen_test_var elghazi (type: qcm, note_max: 5)
2025-04-24 16:18:25 - Question insérée avec ID: 109
2025-04-24 16:18:25 - Traitement des options QCM: 2
2025-04-24 16:18:25 - Option 0: OPTION 1 (correct: 0)
2025-04-24 16:18:25 - Option insérée avec ID: 68
2025-04-24 16:18:25 - Option 1: OPTION 2 CORRECT (correct: 1)
2025-04-24 16:18:25 - Option insérée avec ID: 69
2025-04-24 16:18:25 - Nombre d'étudiants trouvés: 3
2025-04-24 16:18:25 - Attribution des variantes aux étudiants...
2025-04-24 16:18:25 - Attribution à étudiant ID 5 de la variante ID 53
2025-04-24 16:18:25 - Attribution à étudiant ID 6 de la variante ID 54
2025-04-24 16:18:25 - Attribution à étudiant ID 7 de la variante ID 53
2025-04-24 16:18:25 - Attribution des variantes terminée
2025-04-24 16:18:25 - Script terminé avec succès
